Determining if the pthread_create exist failed with the following output:
Change Dir: /home/odroid/project/build/CMakeFiles/CMakeTmp

Run Build Command:"/usr/bin/make" "cmTC_1541e/fast"
/usr/bin/make -f CMakeFiles/cmTC_1541e.dir/build.make CMakeFiles/cmTC_1541e.dir/build
make[1]: Entering directory '/home/odroid/project/build/CMakeFiles/CMakeTmp'
Building C object CMakeFiles/cmTC_1541e.dir/CheckSymbolExists.c.o
/usr/bin/cc     -o CMakeFiles/cmTC_1541e.dir/CheckSymbolExists.c.o   -c /home/odroid/project/build/CMakeFiles/CMakeTmp/CheckSymbolExists.c
Linking C executable cmTC_1541e
/usr/bin/cmake -E cmake_link_script CMakeFiles/cmTC_1541e.dir/link.txt --verbose=1
/usr/bin/cc       CMakeFiles/cmTC_1541e.dir/CheckSymbolExists.c.o  -o cmTC_1541e -rdynamic 
CMakeFiles/cmTC_1541e.dir/CheckSymbolExists.c.o: In function `main':
CheckSymbolExists.c:(.text+0xe): undefined reference to `pthread_create'
CheckSymbolExists.c:(.text+0x12): undefined reference to `pthread_create'
collect2: error: ld returned 1 exit status
CMakeFiles/cmTC_1541e.dir/build.make:97: recipe for target 'cmTC_1541e' failed
make[1]: *** [cmTC_1541e] Error 1
make[1]: Leaving directory '/home/odroid/project/build/CMakeFiles/CMakeTmp'
Makefile:126: recipe for target 'cmTC_1541e/fast' failed
make: *** [cmTC_1541e/fast] Error 2

File /home/odroid/project/build/CMakeFiles/CMakeTmp/CheckSymbolExists.c:
/* */
#include <pthread.h>

int main(int argc, char** argv)
{
  (void)argv;
#ifndef pthread_create
  return ((int*)(&pthread_create))[argc];
#else
  (void)argc;
  return 0;
#endif
}

Determining if the function pthread_create exists in the pthreads failed with the following output:
Change Dir: /home/odroid/project/build/CMakeFiles/CMakeTmp

Run Build Command:"/usr/bin/make" "cmTC_c267f/fast"
/usr/bin/make -f CMakeFiles/cmTC_c267f.dir/build.make CMakeFiles/cmTC_c267f.dir/build
make[1]: Entering directory '/home/odroid/project/build/CMakeFiles/CMakeTmp'
Building C object CMakeFiles/cmTC_c267f.dir/CheckFunctionExists.c.o
/usr/bin/cc    -DCHECK_FUNCTION_EXISTS=pthread_create   -o CMakeFiles/cmTC_c267f.dir/CheckFunctionExists.c.o   -c /usr/share/cmake-3.5/Modules/CheckFunctionExists.c
Linking C executable cmTC_c267f
/usr/bin/cmake -E cmake_link_script CMakeFiles/cmTC_c267f.dir/link.txt --verbose=1
/usr/bin/cc   -DCHECK_FUNCTION_EXISTS=pthread_create    CMakeFiles/cmTC_c267f.dir/CheckFunctionExists.c.o  -o cmTC_c267f -rdynamic -lpthreads 
/usr/bin/ld: cannot find -lpthreads
collect2: error: ld returned 1 exit status
CMakeFiles/cmTC_c267f.dir/build.make:97: recipe for target 'cmTC_c267f' failed
make[1]: *** [cmTC_c267f] Error 1
make[1]: Leaving directory '/home/odroid/project/build/CMakeFiles/CMakeTmp'
Makefile:126: recipe for target 'cmTC_c267f/fast' failed
make: *** [cmTC_c267f/fast] Error 2


